<?xml version="1.0" encoding="UTF-8"?>
<coverage generated="1690476133250" clover="3.2.0">
  <project timestamp="1690476133251" name="All files">
    <metrics statements="17" coveredstatements="16" conditionals="0" coveredconditionals="0" methods="5" coveredmethods="4" elements="22" coveredelements="20" complexity="0" loc="17" ncloc="17" packages="1" files="1" classes="1"/>
    <file name="add-remove.js" path="/home/fdezcaminero/Microverse/to-do-list/src/add-remove.js">
      <metrics statements="17" coveredstatements="16" conditionals="0" coveredconditionals="0" methods="5" coveredmethods="4"/>
      <line num="2" count="2" type="stmt"/>
      <line num="3" count="2" type="stmt"/>
      <line num="4" count="2" type="stmt"/>
      <line num="5" count="2" type="stmt"/>
      <line num="6" count="2" type="stmt"/>
      <line num="10" count="0" type="stmt"/>
      <line num="14" count="2" type="stmt"/>
      <line num="15" count="4" type="stmt"/>
      <line num="20" count="2" type="stmt"/>
      <line num="21" count="2" type="stmt"/>
      <line num="25" count="3" type="stmt"/>
      <line num="26" count="3" type="stmt"/>
      <line num="27" count="7" type="stmt"/>
      <line num="28" count="7" type="stmt"/>
      <line num="29" count="7" type="stmt"/>
      <line num="30" count="7" type="stmt"/>
      <line num="31" count="7" type="stmt"/>
    </file>
  </project>
</coverage>
