{"/home/fdezcaminero/Microverse/to-do-list/src/add-remove.js": {"path":"/home/fdezcaminero/Microverse/to-do-list/src/add-remove.js","statementMap":{"0":{"start":{"line":2,"column":18},"end":{"line":2,"column":20}},"1":{"start":{"line":3,"column":2},"end":{"line":3,"column":35}},"2":{"start":{"line":4,"column":2},"end":{"line":4,"column":28}},"3":{"start":{"line":5,"column":2},"end":{"line":5,"column":40}},"4":{"start":{"line":6,"column":2},"end":{"line":6,"column":27}},"5":{"start":{"line":10,"column":2},"end":{"line":10,"column":65}},"6":{"start":{"line":14,"column":2},"end":{"line":16,"column":3}},"7":{"start":{"line":14,"column":15},"end":{"line":14,"column":16}},"8":{"start":{"line":15,"column":4},"end":{"line":15,"column":32}},"9":{"start":{"line":20,"column":2},"end":{"line":20,"column":36}},"10":{"start":{"line":21,"column":2},"end":{"line":21,"column":25}},"11":{"start":{"line":25,"column":2},"end":{"line":25,"column":31}},"12":{"start":{"line":26,"column":2},"end":{"line":32,"column":3}},"13":{"start":{"line":26,"column":15},"end":{"line":26,"column":16}},"14":{"start":{"line":27,"column":24},"end":{"line":27,"column":57}},"15":{"start":{"line":28,"column":4},"end":{"line":28,"column":42}},"16":{"start":{"line":29,"column":4},"end":{"line":29,"column":38}},"17":{"start":{"line":30,"column":4},"end":{"line":30,"column":159}},"18":{"start":{"line":31,"column":4},"end":{"line":31,"column":43}}},"fnMap":{"0":{"name":"addTask","decl":{"start":{"line":1,"column":16},"end":{"line":1,"column":23}},"loc":{"start":{"line":1,"column":48},"end":{"line":7,"column":1}},"line":1},"1":{"name":"updateStorage","decl":{"start":{"line":9,"column":16},"end":{"line":9,"column":29}},"loc":{"start":{"line":9,"column":42},"end":{"line":11,"column":1}},"line":9},"2":{"name":"sortIndex2","decl":{"start":{"line":13,"column":9},"end":{"line":13,"column":19}},"loc":{"start":{"line":13,"column":32},"end":{"line":17,"column":1}},"line":13},"3":{"name":"removeTask","decl":{"start":{"line":19,"column":16},"end":{"line":19,"column":26}},"loc":{"start":{"line":19,"column":52},"end":{"line":22,"column":1}},"line":19},"4":{"name":"loadHTML","decl":{"start":{"line":24,"column":16},"end":{"line":24,"column":24}},"loc":{"start":{"line":24,"column":51},"end":{"line":33,"column":1}},"line":24}},"branchMap":{},"s":{"0":2,"1":2,"2":2,"3":2,"4":2,"5":0,"6":2,"7":2,"8":4,"9":2,"10":2,"11":3,"12":3,"13":3,"14":7,"15":7,"16":7,"17":7,"18":7},"f":{"0":2,"1":0,"2":2,"3":2,"4":3},"b":{},"_coverageSchema":"1a1c01bbd47fc00a2c39e90264f33305004495a9","hash":"c201596ba7049d638d03ddbc6f3ab571a506ee6d"}
}
